HTTP: 400, Response: {"success":false,"mensagem":"A URL da foto n\u00e3o pode ser vazia"}
, https://res.cloudinary.com/dmqdttnsg/image/upload/v1774204703/biblioteca/fotos/2201d9cb24c611f18d3a46b62b3853.jpg
HTTP: 400, Response: {"success":false,"mensagem":"A URL da foto n\u00e3o pode ser vazia"}
, https://res.cloudinary.com/dmqdttnsg/image/upload/v1774204703/biblioteca/fotos/2201d9cb24c611f18d3a46b62b3853.jpg
HTTP: 200, Response: <br />
<b>Warning</b>:  Array to string conversion in <b>/var/www/html/controllers/UsuarioController.php</b> on line <b>21</b><br />
<br />
<b>Warning</b>:  file_put_contents(/var/www/html/controllers/../../debug_back.log): Failed to open stream: Permission denied in <b>/var/www/html/controllers/UsuarioController.php</b> on line <b>20</b><br />
{"success":false,"mensagem":"A URL da foto n\u00e3o pode ser vazia"}
, https://res.cloudinary.com/dmqdttnsg/image/upload/v1774204703/biblioteca/fotos/2201d9cb24c611f18d3a46b62b3853.jpg
HTTP: 200, Response: <br />
<b>Warning</b>:  Array to string conversion in <b>/var/www/html/controllers/UsuarioController.php</b> on line <b>21</b><br />
<br />
<b>Warning</b>:  file_put_contents(/var/www/html/controllers/../../debug_back.log): Failed to open stream: Permission denied in <b>/var/www/html/controllers/UsuarioController.php</b> on line <b>20</b><br />
<br />
<b>Fatal error</b>:  Uncaught TypeError: json_decode(): Argument #1 ($json) must be of type string, array given in /var/www/html/controllers/UsuarioController.php:25
Stack trace:
#0 /var/www/html/controllers/UsuarioController.php(25): json_decode(Array, true)
#1 /var/www/html/index.php(48): UsuarioController-&gt;atualizarFoto()
#2 {main}
  thrown in <b>/var/www/html/controllers/UsuarioController.php</b> on line <b>25</b><br />

, https://res.cloudinary.com/dmqdttnsg/image/upload/v1774204703/biblioteca/fotos/2201d9cb24c611f18d3a46b62b3853.jpg
HTTP: 400, Response: {"success":false,"mensagem":"A URL da foto n\u00e3o pode ser vazia"}
, https://res.cloudinary.com/dmqdttnsg/image/upload/v1774204703/biblioteca/fotos/2201d9cb24c611f18d3a46b62b3853.jpg
HTTP: 200, Response: {"success":true,"mensagem":"Foto de perfil atualizada com sucesso","foto_perfil":"https:\/\/res.cloudinary.com\/dmqdttnsg\/image\/upload\/v1774204703\/biblioteca\/fotos\/2201d9cb24c611f18d3a46b62b3853.jpg"}
, https://res.cloudinary.com/dmqdttnsg/image/upload/v1774204703/biblioteca/fotos/2201d9cb24c611f18d3a46b62b3853.jpg
HTTP: 200, Response: {"success":true,"mensagem":"Foto de perfil atualizada com sucesso","foto_perfil":"https:\/\/res.cloudinary.com\/dmqdttnsg\/image\/upload\/v1774204703\/biblioteca\/fotos\/2201d9cb24c611f18d3a46b62b3853.jpg"}
, https://res.cloudinary.com/dmqdttnsg/image/upload/v1774204703/biblioteca/fotos/2201d9cb24c611f18d3a46b62b3853.jpg
HTTP: 200, Response: {"success":true,"mensagem":"Foto de perfil atualizada com sucesso","foto_perfil":"https:\/\/res.cloudinary.com\/dmqdttnsg\/image\/upload\/v1774204703\/biblioteca\/fotos\/2201d9cb24c611f18d3a46b62b3853.jpg"}
, https://res.cloudinary.com/dmqdttnsg/image/upload/v1774204703/biblioteca/fotos/2201d9cb24c611f18d3a46b62b3853.jpg
HTTP: 200, Response: {"success":true,"mensagem":"Foto de perfil atualizada com sucesso","foto_perfil":"https:\/\/res.cloudinary.com\/dmqdttnsg\/image\/upload\/v1774204703\/biblioteca\/fotos\/2201d9cb24c611f18d3a46b62b3853.jpg"}
, https://res.cloudinary.com/dmqdttnsg/image/upload/v1774204703/biblioteca/fotos/2201d9cb24c611f18d3a46b62b3853.jpg
HTTP: 200, Response: {"success":true,"mensagem":"Foto de perfil atualizada com sucesso","foto_perfil":"https:\/\/res.cloudinary.com\/dmqdttnsg\/image\/upload\/v1774204703\/biblioteca\/fotos\/2201d9cb24c611f18d3a46b62b3853.jpg"}
, https://res.cloudinary.com/dmqdttnsg/image/upload/v1774204703/biblioteca/fotos/2201d9cb24c611f18d3a46b62b3853.jpg
HTTP: 200, Response: {"success":true,"mensagem":"Foto de perfil atualizada com sucesso","foto_perfil":"https:\/\/res.cloudinary.com\/dmqdttnsg\/image\/upload\/v1774204703\/biblioteca\/fotos\/2201d9cb24c611f18d3a46b62b3853.jpg"}
, https://res.cloudinary.com/dmqdttnsg/image/upload/v1774204703/biblioteca/fotos/2201d9cb24c611f18d3a46b62b3853.jpg
HTTP: 200, Response: {"success":true,"mensagem":"Foto de perfil atualizada com sucesso","foto_perfil":"https:\/\/res.cloudinary.com\/dmqdttnsg\/image\/upload\/v1774204703\/biblioteca\/fotos\/2201d9cb24c611f18d3a46b62b3853.jpg"}
, https://res.cloudinary.com/dmqdttnsg/image/upload/v1774204703/biblioteca/fotos/2201d9cb24c611f18d3a46b62b3853.jpg
